# JRE version: Java(TM) SE Runtime Environment (7.0_71-b14) (build 1.7.0_71-b14)
# Java VM: Java HotSpot(TM) 64-Bit Server VM (24.71-b01 mixed mode bsd-amd64 compressed oops)
Heap
 PSYoungGen      total 294400K, used 197024K [0x00000007eaa80000, 0x0000000800000000, 0x0000000800000000)
  eden space 240128K, 68% used [0x00000007eaa80000,0x00000007f4ab0070,0x00000007f9500000)
  from space 54272K, 60% used [0x00000007fcb00000,0x00000007feb38188,0x0000000800000000)
  to   space 54784K, 0% used [0x00000007f9500000,0x00000007f9500000,0x00000007fca80000)
 ParOldGen       total 657408K, used 363019K [0x00000007c0000000, 0x00000007e8200000, 0x00000007eaa80000)
  object space 657408K, 55% used [0x00000007c0000000,0x00000007d6282cc0,0x00000007e8200000)
 PSPermGen       total 394240K, used 367876K [0x0000000740000000, 0x0000000758100000, 0x00000007c0000000)
  object space 394240K, 93% used [0x0000000740000000,0x0000000756741068,0x0000000758100000)
GC Heap History (10 events):
Event: 38677.033 GC heap before
{Heap before GC invocations=372 (full 31):
 PSYoungGen      total 301568K, used 288545K [0x00000007eaa80000, 0x0000000800000000, 0x0000000800000000)
  eden space 257536K, 100% used [0x00000007eaa80000,0x00000007fa600000,0x00000007fa600000)
  from space 44032K, 70% used [0x00000007fd500000,0x00000007ff348550,0x0000000800000000)
  to   space 46080K, 0% used [0x00000007fa600000,0x00000007fa600000,0x00000007fd300000)
 ParOldGen       total 657408K, used 333532K [0x00000007c0000000, 0x00000007e8200000, 0x00000007eaa80000)
  object space 657408K, 50% used [0x00000007c0000000,0x00000007d45b7030,0x00000007e8200000)
 PSPermGen       total 382464K, used 357838K [0x0000000740000000, 0x0000000757580000, 0x00000007c0000000)
  object space 382464K, 93% used [0x0000000740000000,0x0000000755d73988,0x0000000757580000)
Event: 38677.074 GC heap after
Heap after GC invocations=372 (full 31):
 PSYoungGen      total 299008K, used 41187K [0x00000007eaa80000, 0x0000000800000000, 0x0000000800000000)
  eden space 257536K, 0% used [0x00000007eaa80000,0x00000007eaa80000,0x00000007fa600000)
  from space 41472K, 99% used [0x00000007fa600000,0x00000007fce38f18,0x00000007fce80000)
  to   space 50688K, 0% used [0x00000007fce80000,0x00000007fce80000,0x0000000800000000)
 ParOldGen       total 657408K, used 333532K [0x00000007c0000000, 0x00000007e8200000, 0x00000007eaa80000)
  object space 657408K, 50% used [0x00000007c0000000,0x00000007d45b7030,0x00000007e8200000)
 PSPermGen       total 382464K, used 357838K [0x0000000740000000, 0x0000000757580000, 0x00000007c0000000)
  object space 382464K, 93% used [0x0000000740000000,0x0000000755d73988,0x0000000757580000)
}
Event: 38677.800 GC heap before
{Heap before GC invocations=373 (full 31):
 PSYoungGen      total 299008K, used 170510K [0x00000007eaa80000, 0x0000000800000000, 0x0000000800000000)
  eden space 257536K, 50% used [0x00000007eaa80000,0x00000007f28caac0,0x00000007fa600000)
  from space 41472K, 99% used [0x00000007fa600000,0x00000007fce38f18,0x00000007fce80000)
  to   space 50688K, 0% used [0x00000007fce80000,0x00000007fce80000,0x0000000800000000)
 ParOldGen       total 657408K, used 333532K [0x00000007c0000000, 0x00000007e8200000, 0x00000007eaa80000)
  object space 657408K, 50% used [0x00000007c0000000,0x00000007d45b7030,0x00000007e8200000)
 PSPermGen       total 382464K, used 359915K [0x0000000740000000, 0x0000000757580000, 0x00000007c0000000)
  object space 382464K, 94% used [0x0000000740000000,0x0000000755f7ade0,0x0000000757580000)
Event: 38677.836 GC heap after
Heap after GC invocations=373 (full 31):
 PSYoungGen      total 291840K, used 37747K [0x00000007eaa80000, 0x0000000800000000, 0x0000000800000000)
  eden space 241152K, 0% used [0x00000007eaa80000,0x00000007eaa80000,0x00000007f9600000)
  from space 50688K, 74% used [0x00000007fce80000,0x00000007ff35cfe0,0x0000000800000000)
  to   space 54272K, 0% used [0x00000007f9600000,0x00000007f9600000,0x00000007fcb00000)
 ParOldGen       total 657408K, used 333532K [0x00000007c0000000, 0x00000007e8200000, 0x00000007eaa80000)
  object space 657408K, 50% used [0x00000007c0000000,0x00000007d45b7030,0x00000007e8200000)
 PSPermGen       total 382464K, used 359915K [0x0000000740000000, 0x0000000757580000, 0x00000007c0000000)
  object space 382464K, 94% used [0x0000000740000000,0x0000000755f7ade0,0x0000000757580000)
}
Event: 38677.836 GC heap before
{Heap before GC invocations=374 (full 32):
 PSYoungGen      total 291840K, used 37747K [0x00000007eaa80000, 0x0000000800000000, 0x0000000800000000)
  eden space 241152K, 0% used [0x00000007eaa80000,0x00000007eaa80000,0x00000007f9600000)
  from space 50688K, 74% used [0x00000007fce80000,0x00000007ff35cfe0,0x0000000800000000)
  to   space 54272K, 0% used [0x00000007f9600000,0x00000007f9600000,0x00000007fcb00000)
 ParOldGen       total 657408K, used 333532K [0x00000007c0000000, 0x00000007e8200000, 0x00000007eaa80000)
  object space 657408K, 50% used [0x00000007c0000000,0x00000007d45b7030,0x00000007e8200000)
 PSPermGen       total 382464K, used 359915K [0x0000000740000000, 0x0000000757580000, 0x00000007c0000000)
  object space 382464K, 94% used [0x0000000740000000,0x0000000755f7ade0,0x0000000757580000)
Event: 38679.609 GC heap after
Heap after GC invocations=374 (full 32):
 PSYoungGen      total 291840K, used 0K [0x00000007eaa80000, 0x0000000800000000, 0x0000000800000000)
  eden space 241152K, 0% used [0x00000007eaa80000,0x00000007eaa80000,0x00000007f9600000)
  from space 50688K, 0% used [0x00000007fce80000,0x00000007fce80000,0x0000000800000000)
  to   space 54272K, 0% used [0x00000007f9600000,0x00000007f9600000,0x00000007fcb00000)
 ParOldGen       total 657408K, used 363019K [0x00000007c0000000, 0x00000007e8200000, 0x00000007eaa80000)
  object space 657408K, 55% used [0x00000007c0000000,0x00000007d6282cc0,0x00000007e8200000)
 PSPermGen       total 394240K, used 358653K [0x0000000740000000, 0x0000000758100000, 0x00000007c0000000)
  object space 394240K, 90% used [0x0000000740000000,0x0000000755e3f6a8,0x0000000758100000)
}
Event: 38685.945 GC heap before
{Heap before GC invocations=375 (full 32):
 PSYoungGen      total 291840K, used 241152K [0x00000007eaa80000, 0x0000000800000000, 0x0000000800000000)
  eden space 241152K, 100% used [0x00000007eaa80000,0x00000007f9600000,0x00000007f9600000)
  from space 50688K, 0% used [0x00000007fce80000,0x00000007fce80000,0x0000000800000000)
  to   space 54272K, 0% used [0x00000007f9600000,0x00000007f9600000,0x00000007fcb00000)
 ParOldGen       total 657408K, used 363019K [0x00000007c0000000, 0x00000007e8200000, 0x00000007eaa80000)
  object space 657408K, 55% used [0x00000007c0000000,0x00000007d6282cc0,0x00000007e8200000)
 PSPermGen       total 394240K, used 366107K [0x0000000740000000, 0x0000000758100000, 0x00000007c0000000)
  object space 394240K, 92% used [0x0000000740000000,0x0000000756586eb0,0x0000000758100000)
Event: 38685.992 GC heap after
Heap after GC invocations=375 (full 32):
 PSYoungGen      total 295424K, used 32161K [0x00000007eaa80000, 0x0000000800000000, 0x0000000800000000)
  eden space 241152K, 0% used [0x00000007eaa80000,0x00000007eaa80000,0x00000007f9600000)
  from space 54272K, 59% used [0x00000007f9600000,0x00000007fb568538,0x00000007fcb00000)
  to   space 54272K, 0% used [0x00000007fcb00000,0x00000007fcb00000,0x0000000800000000)
 ParOldGen       total 657408K, used 363019K [0x00000007c0000000, 0x00000007e8200000, 0x00000007eaa80000)
  object space 657408K, 55% used [0x00000007c0000000,0x00000007d6282cc0,0x00000007e8200000)
 PSPermGen       total 394240K, used 366107K [0x0000000740000000, 0x0000000758100000, 0x00000007c0000000)
  object space 394240K, 92% used [0x0000000740000000,0x0000000756586eb0,0x0000000758100000)
}
Event: 38687.457 GC heap before
{Heap before GC invocations=376 (full 32):
 PSYoungGen      total 295424K, used 273313K [0x00000007eaa80000, 0x0000000800000000, 0x0000000800000000)
  eden space 241152K, 100% used [0x00000007eaa80000,0x00000007f9600000,0x00000007f9600000)
  from space 54272K, 59% used [0x00000007f9600000,0x00000007fb568538,0x00000007fcb00000)
  to   space 54272K, 0% used [0x00000007fcb00000,0x00000007fcb00000,0x0000000800000000)
 ParOldGen       total 657408K, used 363019K [0x00000007c0000000, 0x00000007e8200000, 0x00000007eaa80000)
  object space 657408K, 55% used [0x00000007c0000000,0x00000007d6282cc0,0x00000007e8200000)
 PSPermGen       total 394240K, used 367640K [0x0000000740000000, 0x0000000758100000, 0x00000007c0000000)
  object space 394240K, 93% used [0x0000000740000000,0x0000000756706188,0x0000000758100000)
Event: 38687.494 GC heap after
Heap after GC invocations=376 (full 32):
 PSYoungGen      total 294400K, used 32992K [0x00000007eaa80000, 0x0000000800000000, 0x0000000800000000)
  eden space 240128K, 0% used [0x00000007eaa80000,0x00000007eaa80000,0x00000007f9500000)
  from space 54272K, 60% used [0x00000007fcb00000,0x00000007feb38188,0x0000000800000000)
  to   space 54784K, 0% used [0x00000007f9500000,0x00000007f9500000,0x00000007fca80000)
 ParOldGen       total 657408K, used 363019K [0x00000007c0000000, 0x00000007e8200000, 0x00000007eaa80000)
  object space 657408K, 55% used [0x00000007c0000000,0x00000007d6282cc0,0x00000007e8200000)
 PSPermGen       total 394240K, used 367640K [0x0000000740000000, 0x0000000758100000, 0x00000007c0000000)
  object space 394240K, 93% used [0x0000000740000000,0x0000000756706188,0x0000000758100000)
}

